2025-04-23 18:41:54,026 INFO === Script starting ===
2025-04-23 18:41:54,027 INFO GPIO initialized
2025-04-23 18:41:54,027 ERROR Failed to open serial port /dev/serial0: [Errno 13] could not open port /dev/serial0: [Errno 13] Permission denied: '/dev/serial0'
2025-04-23 18:43:27,412 INFO === Script starting ===
2025-04-23 18:43:27,413 INFO GPIO initialized
2025-04-23 18:43:27,413 INFO Serial port /dev/serial0 opened at 9600 baud
2025-04-23 18:44:04,076 INFO === Script starting ===
2025-04-23 18:44:04,077 ERROR GPIO init failed: 'GPIO not allocated'
2025-04-23 18:44:13,072 INFO === Script starting ===
2025-04-23 18:44:13,073 ERROR GPIO init failed: 'GPIO not allocated'
2025-04-23 18:46:26,875 INFO === Script starting ===
2025-04-23 18:46:26,875 INFO Patched RPI_INFO.TYPE → BCM2711
2025-04-23 18:46:26,876 ERROR GPIO init failed: 'GPIO not allocated'
2025-04-23 18:47:14,882 INFO === Script starting ===
2025-04-23 18:47:14,883 INFO Patched RPI_INFO.TYPE → BCM2711
2025-04-23 18:47:14,883 ERROR GPIO init failed: 'GPIO not allocated'
2025-04-23 18:48:55,277 INFO === Script starting ===
2025-04-23 18:48:55,277 INFO Patched RPI_INFO.TYPE → BCM2711
2025-04-23 18:48:55,279 INFO GPIO initialized
2025-04-23 18:48:55,279 INFO Serial port /dev/serial0 opened @ 9600 baud
2025-04-23 18:50:08,522 INFO === Script starting ===
2025-04-23 18:50:08,522 INFO Patched RPI_INFO.TYPE → BCM2711
2025-04-23 18:50:08,523 ERROR GPIO init failed: 'GPIO not allocated'
2025-04-23 18:51:01,505 INFO === Script starting ===
2025-04-23 18:51:01,506 INFO Patched RPI_INFO.TYPE → BCM2711
2025-04-23 18:51:01,506 ERROR GPIO init failed: 'GPIO not allocated'
2025-04-23 18:54:31,367 INFO === Script starting ===
2025-04-23 18:54:31,369 INFO GPIO initialized
2025-04-23 18:54:31,369 INFO Serial port /dev/serial0 opened at 9600 baud
2025-04-23 18:57:00,792 INFO === Script starting ===
2025-04-23 18:57:00,793 ERROR GPIO init failed: 'GPIO not allocated'
2025-04-23 18:57:06,896 INFO === Script exiting ===
